<?xml version="1.0" encoding="UTF-8"?>
<!-- Generated by org.testng.reporters.JUnitXMLReporter -->
<testsuite hostname="DESKTOP-PTO" ignored="0" name="Default test" tests="3" failures="0" timestamp="14 июл 2017 08:04:51 GMT" time="0.368" errors="0">
  <testcase name="testLAnswer" time="0.03" classname="by.htp.citygameclient.TestClient"/>
  <testcase name="testLastSymbol" time="0.02" classname="by.htp.citygameclient.TestClient"/>
  <testcase name="testServer" time="0.045" classname="by.htp.citygameclient.TestClient"/>
</testsuite> <!-- Default test -->
