<?xml version="1.0" encoding="UTF-8"?>
<!-- Generated by org.testng.reporters.JUnitXMLReporter -->
<testsuite hostname="DESKTOP-PTO" ignored="1" name="Test1" tests="2" failures="0" timestamp="14 июл 2017 06:04:46 GMT" time="0.207" errors="0">
  <testcase name="testLastSymbol" time="0.026" classname="by.htp.citygameclient.TestClient"/>
  <testcase name="testLAnswer" time="0.012" classname="by.htp.citygameclient.TestClient"/>
  <testcase name="testServer" time="0.0" classname="by.htp.citygameclient.TestClient">
    <ignored/>
  </testcase> <!-- testServer -->
</testsuite> <!-- Test1 -->
