<?xml version="1.0" encoding="UTF-8"?>
<!-- Generated by org.testng.reporters.JUnitXMLReporter -->
<testsuite hostname="DESKTOP-PTO" ignored="0" name="Test1" tests="3" failures="0" timestamp="14 июл 2017 06:10:41 GMT" time="0.159" errors="0">
  <testcase name="testLastSymbol" time="0.006" classname="by.htp.citygameclient.TestClient"/>
  <testcase name="testLAnswer" time="0.002" classname="by.htp.citygameclient.TestClient"/>
  <testcase name="testServer" time="0.022" classname="by.htp.citygameclient.TestClient"/>
</testsuite> <!-- Test1 -->
