<?xml version="1.0" encoding="UTF-8"?>
<testng-results skipped="0" failed="0" ignored="0" total="3" passed="3">
  <reporter-output>
  </reporter-output>
  <suite name="Default suite" duration-ms="368" started-at="2017-07-14T08:04:50Z" finished-at="2017-07-14T08:04:51Z">
    <groups>
    </groups>
    <test name="Default test" duration-ms="368" started-at="2017-07-14T08:04:50Z" finished-at="2017-07-14T08:04:51Z">
      <class name="by.htp.citygameclient.TestClient">
        <test-method status="PASS" signature="init()[pri:0, instance:by.htp.citygameclient.TestClient@26653222]" name="init" is-config="true" duration-ms="84" started-at="2017-07-14T11:04:51Z" finished-at="2017-07-14T11:04:51Z">
          <reporter-output>
          </reporter-output>
        </test-method> <!-- init -->
        <test-method status="PASS" signature="testLAnswer()[pri:0, instance:by.htp.citygameclient.TestClient@26653222]" name="testLAnswer" duration-ms="30" started-at="2017-07-14T11:04:51Z" finished-at="2017-07-14T11:04:51Z">
          <reporter-output>
          </reporter-output>
        </test-method> <!-- testLAnswer -->
        <test-method status="PASS" signature="testLastSymbol()[pri:0, instance:by.htp.citygameclient.TestClient@26653222]" name="testLastSymbol" duration-ms="20" started-at="2017-07-14T11:04:51Z" finished-at="2017-07-14T11:04:51Z">
          <reporter-output>
          </reporter-output>
        </test-method> <!-- testLastSymbol -->
        <test-method status="PASS" signature="testServer()[pri:0, instance:by.htp.citygameclient.TestClient@26653222]" name="testServer" duration-ms="45" started-at="2017-07-14T11:04:51Z" finished-at="2017-07-14T11:04:51Z">
          <reporter-output>
          </reporter-output>
        </test-method> <!-- testServer -->
      </class> <!-- by.htp.citygameclient.TestClient -->
    </test> <!-- Default test -->
  </suite> <!-- Default suite -->
</testng-results>
